2024-05-24 14:16:57,011 - INFO - ('Current icons color ', None, 'New icons color', '#ffffff')
2024-05-24 14:16:57,012 - INFO - Generating icons for your theme, please wait. This may take long
2024-05-24 14:16:57,142 - INFO - ('DONE: Current icons color ', '#ffffff')
2024-05-24 14:18:18,337 - INFO - Checking icons for Default-theme theme. Icons color: #ffffff
2024-05-24 14:18:18,446 - INFO - Checking icons for Default-theme theme. Icons color: #ffffff
2024-05-24 14:18:18,553 - INFO - Checking icons for qt designer app.
2024-05-24 14:18:24,208 - INFO - all icons have been checked and missing icons generated!
2024-05-24 14:19:58,824 - INFO - Checking icons for Default-theme theme. Icons color: #ffffff
2024-05-24 14:19:58,941 - INFO - Checking icons for Default-theme theme. Icons color: #ffffff
2024-05-24 14:19:59,049 - INFO - Checking icons for qt designer app.
2024-05-24 14:19:59,160 - INFO - all icons have been checked and missing icons generated!
2024-05-24 14:21:12,253 - INFO - Checking icons for Default-theme theme. Icons color: #ffffff
2024-05-24 14:21:12,366 - INFO - Checking icons for Default-theme theme. Icons color: #ffffff
2024-05-24 14:21:12,479 - INFO - Checking icons for qt designer app.
2024-05-24 14:21:12,585 - INFO - all icons have been checked and missing icons generated!
2024-05-24 14:22:57,149 - INFO - Checking icons for Default-theme theme. Icons color: #ffffff
2024-05-24 14:22:57,262 - INFO - Checking icons for Default-theme theme. Icons color: #ffffff
2024-05-24 14:22:57,367 - INFO - Checking icons for qt designer app.
2024-05-24 14:22:57,477 - INFO - all icons have been checked and missing icons generated!
2024-05-24 14:30:46,975 - INFO - Checking icons for Default-theme theme. Icons color: #ffffff
2024-05-24 14:30:47,087 - INFO - Checking icons for Default-theme theme. Icons color: #ffffff
2024-05-24 14:30:47,202 - INFO - Checking icons for qt designer app.
2024-05-24 14:30:47,336 - INFO - all icons have been checked and missing icons generated!
2024-05-24 14:31:25,891 - INFO - Checking icons for Default-theme theme. Icons color: #ffffff
2024-05-24 14:31:26,000 - INFO - Checking icons for Default-theme theme. Icons color: #ffffff
2024-05-24 14:31:26,107 - INFO - Checking icons for qt designer app.
2024-05-24 14:31:26,260 - INFO - all icons have been checked and missing icons generated!
2024-05-24 14:33:15,740 - INFO - Checking icons for Default-theme theme. Icons color: #ffffff
2024-05-24 14:33:15,856 - INFO - Checking icons for Default-theme theme. Icons color: #ffffff
2024-05-24 14:33:15,974 - INFO - Checking icons for qt designer app.
2024-05-24 14:33:16,109 - INFO - all icons have been checked and missing icons generated!
2024-05-24 14:33:56,162 - INFO - Checking icons for Default-theme theme. Icons color: #ffffff
2024-05-24 14:33:56,299 - INFO - Checking icons for Default-theme theme. Icons color: #ffffff
2024-05-24 14:33:56,419 - INFO - Checking icons for qt designer app.
2024-05-24 14:33:56,528 - INFO - all icons have been checked and missing icons generated!
2024-05-24 14:35:11,402 - INFO - Checking icons for Default-theme theme. Icons color: #ffffff
2024-05-24 14:35:11,513 - INFO - Checking icons for Default-theme theme. Icons color: #ffffff
2024-05-24 14:35:11,622 - INFO - Checking icons for qt designer app.
2024-05-24 14:35:11,730 - INFO - all icons have been checked and missing icons generated!
2024-05-24 14:35:51,205 - INFO - Checking icons for Default-theme theme. Icons color: #ffffff
2024-05-24 14:35:51,312 - INFO - Checking icons for Default-theme theme. Icons color: #ffffff
2024-05-24 14:35:51,424 - INFO - Checking icons for qt designer app.
2024-05-24 14:35:51,537 - INFO - all icons have been checked and missing icons generated!
2024-05-24 14:37:11,916 - INFO - Checking icons for Default-theme theme. Icons color: #ffffff
2024-05-24 14:37:12,030 - INFO - Checking icons for Default-theme theme. Icons color: #ffffff
2024-05-24 14:37:12,138 - INFO - Checking icons for qt designer app.
2024-05-24 14:37:12,280 - INFO - all icons have been checked and missing icons generated!
2024-05-24 14:37:36,256 - INFO - Checking icons for Default-theme theme. Icons color: #ffffff
2024-05-24 14:37:36,364 - INFO - Checking icons for Default-theme theme. Icons color: #ffffff
2024-05-24 14:37:36,477 - INFO - Checking icons for qt designer app.
2024-05-24 14:37:36,580 - INFO - all icons have been checked and missing icons generated!
2024-05-24 14:38:19,354 - INFO - Checking icons for Default-theme theme. Icons color: #ffffff
2024-05-24 14:38:19,468 - INFO - Checking icons for Default-theme theme. Icons color: #ffffff
2024-05-24 14:38:19,581 - INFO - Checking icons for qt designer app.
2024-05-24 14:38:19,702 - INFO - all icons have been checked and missing icons generated!
2024-05-24 14:39:19,030 - INFO - Checking icons for Default-theme theme. Icons color: #ffffff
2024-05-24 14:39:19,180 - INFO - Checking icons for Default-theme theme. Icons color: #ffffff
2024-05-24 14:39:19,304 - INFO - Checking icons for qt designer app.
2024-05-24 14:39:19,422 - INFO - all icons have been checked and missing icons generated!
2024-05-24 15:36:07,056 - INFO - Checking icons for Default-theme theme. Icons color: #ffffff
2024-05-24 15:36:23,108 - INFO - Checking icons for Default-theme theme. Icons color: #ffffff
2024-05-24 15:39:44,820 - INFO - Checking icons for Default-theme theme. Icons color: #ffffff
2024-05-24 15:39:44,907 - INFO - Checking icons for Default-theme theme. Icons color: #ffffff
2024-05-24 15:39:44,994 - INFO - Checking icons for qt designer app.
2024-05-24 15:40:21,091 - INFO - Checking icons for Default-theme theme. Icons color: #ffffff
2024-05-24 15:41:35,409 - INFO - Checking icons for Default-theme theme. Icons color: #ffffff
2024-05-24 15:41:35,500 - INFO - Checking icons for Default-theme theme. Icons color: #ffffff
2024-05-24 15:41:35,587 - INFO - Checking icons for qt designer app.
2024-05-24 15:43:41,610 - INFO - Checking icons for Default-theme theme. Icons color: #ffffff
2024-05-24 15:44:24,024 - INFO - Checking icons for Default-theme theme. Icons color: #ffffff
2024-05-24 15:44:24,114 - INFO - Checking icons for Default-theme theme. Icons color: #ffffff
2024-05-24 15:44:24,201 - INFO - Checking icons for qt designer app.
2024-05-24 15:44:46,699 - INFO - Checking icons for Default-theme theme. Icons color: #ffffff
2024-05-24 15:44:46,814 - INFO - Checking icons for Default-theme theme. Icons color: #ffffff
2024-05-24 15:44:46,927 - INFO - Checking icons for qt designer app.
2024-05-24 15:44:47,037 - INFO - all icons have been checked and missing icons generated!
2024-05-24 15:56:09,092 - INFO - Checking icons for Default-theme theme. Icons color: #ffffff
2024-05-24 15:56:09,205 - INFO - Checking icons for Default-theme theme. Icons color: #ffffff
2024-05-24 15:56:09,338 - INFO - Checking icons for qt designer app.
2024-05-24 15:56:09,480 - INFO - all icons have been checked and missing icons generated!
2024-05-24 16:25:48,521 - INFO - Checking icons for Default-theme theme. Icons color: #ffffff
2024-05-24 16:25:48,629 - INFO - Checking icons for Default-theme theme. Icons color: #ffffff
2024-05-24 16:25:48,744 - INFO - Checking icons for qt designer app.
2024-05-24 16:25:48,873 - INFO - all icons have been checked and missing icons generated!
2024-05-25 14:58:17,960 - INFO - Checking icons for Default-theme theme. Icons color: #ffffff
2024-05-25 14:58:18,101 - INFO - Checking icons for Default-theme theme. Icons color: #ffffff
2024-05-25 14:58:18,230 - INFO - Checking icons for qt designer app.
2024-05-25 14:58:18,332 - INFO - all icons have been checked and missing icons generated!
2024-05-25 14:58:48,443 - INFO - Checking icons for Default-theme theme. Icons color: #ffffff
2024-05-25 14:58:48,584 - INFO - Checking icons for Default-theme theme. Icons color: #ffffff
2024-05-25 14:58:48,733 - INFO - Checking icons for qt designer app.
2024-05-25 14:58:48,861 - INFO - all icons have been checked and missing icons generated!
2024-05-25 15:19:11,139 - INFO - Checking icons for Default-theme theme. Icons color: #ffffff
2024-05-25 15:19:11,249 - INFO - Checking icons for Default-theme theme. Icons color: #ffffff
2024-05-25 15:19:11,371 - INFO - Checking icons for qt designer app.
2024-05-25 15:19:11,512 - INFO - all icons have been checked and missing icons generated!
2024-05-25 15:20:23,488 - INFO - Checking icons for Default-theme theme. Icons color: #ffffff
2024-05-25 15:20:23,601 - INFO - Checking icons for Default-theme theme. Icons color: #ffffff
2024-05-25 15:20:23,714 - INFO - Checking icons for qt designer app.
2024-05-25 15:20:23,825 - INFO - all icons have been checked and missing icons generated!
2024-05-25 15:21:51,172 - INFO - Checking icons for Default-theme theme. Icons color: #ffffff
2024-05-25 15:21:51,331 - INFO - Checking icons for Default-theme theme. Icons color: #ffffff
2024-05-25 15:21:51,449 - INFO - Checking icons for qt designer app.
2024-05-25 15:21:51,553 - INFO - all icons have been checked and missing icons generated!
2024-05-25 15:24:33,094 - INFO - Checking icons for Default-theme theme. Icons color: #ffffff
2024-05-25 15:24:33,199 - INFO - Checking icons for Default-theme theme. Icons color: #ffffff
2024-05-25 15:24:33,307 - INFO - Checking icons for qt designer app.
2024-05-25 15:24:33,414 - INFO - all icons have been checked and missing icons generated!
2024-05-25 15:44:30,364 - INFO - Checking icons for Default-theme theme. Icons color: #ffffff
2024-05-25 15:44:36,202 - INFO - Checking icons for Default-theme theme. Icons color: #ffffff
2024-05-25 15:44:36,304 - INFO - Checking icons for Default-theme theme. Icons color: #ffffff
2024-05-25 15:44:36,387 - INFO - Checking icons for qt designer app.
2024-05-25 15:44:56,615 - INFO - Checking icons for Default-theme theme. Icons color: #ffffff
2024-05-25 15:45:07,222 - INFO - Checking icons for Default-theme theme. Icons color: #ffffff
2024-05-25 15:46:15,927 - INFO - Checking icons for Default-theme theme. Icons color: #ffffff
2024-05-25 15:46:16,077 - INFO - Checking icons for Default-theme theme. Icons color: #ffffff
2024-05-25 15:46:16,200 - INFO - Checking icons for qt designer app.
2024-05-25 15:46:16,311 - INFO - all icons have been checked and missing icons generated!
2024-05-25 15:47:52,485 - INFO - Checking icons for Default-theme theme. Icons color: #ffffff
2024-05-25 15:47:52,590 - INFO - Checking icons for Default-theme theme. Icons color: #ffffff
2024-05-25 15:47:52,675 - INFO - Checking icons for qt designer app.
2024-05-25 15:49:13,487 - INFO - Checking icons for Default-theme theme. Icons color: #ffffff
2024-05-25 15:49:18,653 - INFO - Checking icons for Default-theme theme. Icons color: #ffffff
2024-05-25 15:51:09,667 - INFO - Checking icons for Default-theme theme. Icons color: #ffffff
2024-05-25 15:51:09,780 - INFO - Checking icons for Default-theme theme. Icons color: #ffffff
2024-05-25 15:51:09,890 - INFO - Checking icons for qt designer app.
2024-05-25 15:51:09,997 - INFO - all icons have been checked and missing icons generated!
2024-05-25 16:03:41,326 - INFO - Checking icons for Default-theme theme. Icons color: #ffffff
2024-05-25 16:03:41,428 - INFO - Checking icons for Default-theme theme. Icons color: #ffffff
2024-05-25 16:03:41,533 - INFO - Checking icons for qt designer app.
2024-05-25 16:03:41,677 - INFO - all icons have been checked and missing icons generated!
2024-05-25 16:04:15,813 - INFO - Checking icons for Default-theme theme. Icons color: #ffffff
2024-05-25 16:04:15,925 - INFO - Checking icons for Default-theme theme. Icons color: #ffffff
2024-05-25 16:04:16,038 - INFO - Checking icons for qt designer app.
2024-05-25 16:04:16,164 - INFO - all icons have been checked and missing icons generated!
2024-05-27 13:18:05,293 - INFO - Checking icons for Default-theme theme. Icons color: #ffffff
2024-05-27 13:18:05,397 - INFO - Checking icons for Default-theme theme. Icons color: #ffffff
2024-05-27 13:18:05,483 - INFO - Checking icons for qt designer app.
2024-05-27 13:18:37,487 - INFO - Checking icons for Default-theme theme. Icons color: #ffffff
2024-05-27 13:18:44,726 - INFO - Checking icons for Default-theme theme. Icons color: #ffffff
2024-05-27 13:18:48,321 - INFO - Checking icons for Default-theme theme. Icons color: #ffffff
2024-05-27 13:18:48,422 - INFO - Checking icons for Default-theme theme. Icons color: #ffffff
2024-05-27 13:18:48,506 - INFO - Checking icons for qt designer app.
2024-05-27 13:19:17,137 - INFO - Checking icons for Default-theme theme. Icons color: #ffffff
2024-05-27 13:19:17,256 - INFO - Checking icons for Default-theme theme. Icons color: #ffffff
2024-05-27 13:19:17,380 - INFO - Checking icons for qt designer app.
2024-05-27 13:19:17,499 - INFO - all icons have been checked and missing icons generated!
2024-05-27 15:44:15,933 - INFO - Checking icons for Default-theme theme. Icons color: #ffffff
2024-05-27 15:44:16,040 - INFO - Checking icons for Default-theme theme. Icons color: #ffffff
2024-05-27 15:44:16,151 - INFO - Checking icons for qt designer app.
2024-05-27 15:44:16,272 - INFO - all icons have been checked and missing icons generated!
2024-05-27 15:58:51,909 - INFO - Checking icons for Default-theme theme. Icons color: #ffffff
2024-05-27 15:58:52,065 - INFO - Checking icons for Default-theme theme. Icons color: #ffffff
2024-05-27 15:58:52,231 - INFO - Checking icons for qt designer app.
2024-05-27 15:58:52,371 - INFO - all icons have been checked and missing icons generated!
2024-05-27 15:59:54,640 - INFO - Checking icons for Default-theme theme. Icons color: #ffffff
2024-05-27 15:59:54,754 - INFO - Checking icons for Default-theme theme. Icons color: #ffffff
2024-05-27 15:59:54,866 - INFO - Checking icons for qt designer app.
2024-05-27 15:59:54,973 - INFO - all icons have been checked and missing icons generated!
2024-05-27 17:08:02,483 - INFO - Checking icons for Default-theme theme. Icons color: #ffffff
2024-05-27 17:08:02,592 - INFO - Checking icons for Default-theme theme. Icons color: #ffffff
2024-05-27 17:08:02,680 - INFO - Checking icons for qt designer app.
2024-05-27 17:08:30,680 - INFO - Checking icons for Default-theme theme. Icons color: #ffffff
2024-05-27 17:08:30,798 - INFO - Checking icons for Default-theme theme. Icons color: #ffffff
2024-05-27 17:08:30,883 - INFO - Checking icons for qt designer app.
2024-05-27 17:09:11,438 - INFO - Checking icons for Default-theme theme. Icons color: #ffffff
2024-05-27 17:09:11,533 - INFO - Checking icons for Default-theme theme. Icons color: #ffffff
2024-05-27 17:09:11,617 - INFO - Checking icons for qt designer app.
2024-05-27 17:10:49,839 - INFO - Checking icons for Default-theme theme. Icons color: #ffffff
2024-05-27 17:11:07,223 - INFO - Checking icons for Default-theme theme. Icons color: #ffffff
2024-05-27 17:12:47,252 - INFO - Checking icons for Default-theme theme. Icons color: #ffffff
2024-05-27 17:13:45,391 - INFO - Checking icons for Default-theme theme. Icons color: #ffffff
2024-05-27 17:13:50,672 - INFO - Checking icons for Default-theme theme. Icons color: #ffffff
2024-05-27 17:21:43,586 - INFO - Checking icons for Default-theme theme. Icons color: #ffffff
2024-05-27 17:21:43,704 - INFO - Checking icons for Default-theme theme. Icons color: #ffffff
2024-05-27 17:21:43,792 - INFO - Checking icons for qt designer app.
2024-05-27 17:36:07,038 - INFO - Checking icons for Default-theme theme. Icons color: #ffffff
2024-05-27 17:36:07,148 - INFO - Checking icons for Default-theme theme. Icons color: #ffffff
2024-05-27 17:36:07,265 - INFO - Checking icons for qt designer app.
2024-05-27 17:36:07,400 - INFO - all icons have been checked and missing icons generated!
2024-05-27 17:36:26,516 - INFO - Checking icons for Default-theme theme. Icons color: #ffffff
2024-05-27 17:36:26,624 - INFO - Checking icons for Default-theme theme. Icons color: #ffffff
2024-05-27 17:36:26,731 - INFO - Checking icons for qt designer app.
2024-05-27 17:36:26,885 - INFO - all icons have been checked and missing icons generated!
2024-05-27 17:47:17,914 - INFO - Checking icons for Default-theme theme. Icons color: #ffffff
2024-05-27 17:47:18,026 - INFO - Checking icons for Default-theme theme. Icons color: #ffffff
2024-05-27 17:47:18,131 - INFO - Checking icons for qt designer app.
2024-05-27 17:47:18,241 - INFO - all icons have been checked and missing icons generated!
2024-05-27 17:47:27,974 - INFO - Checking icons for Default-theme theme. Icons color: #ffffff
2024-05-27 17:47:28,095 - INFO - Checking icons for Default-theme theme. Icons color: #ffffff
2024-05-27 17:47:28,227 - INFO - Checking icons for qt designer app.
2024-05-27 17:47:28,342 - INFO - all icons have been checked and missing icons generated!
2024-05-27 17:47:49,021 - INFO - Checking icons for Default-theme theme. Icons color: #ffffff
2024-05-27 17:47:49,127 - INFO - Checking icons for Default-theme theme. Icons color: #ffffff
2024-05-27 17:47:49,235 - INFO - Checking icons for qt designer app.
2024-05-27 17:47:49,343 - INFO - all icons have been checked and missing icons generated!
2024-05-27 17:48:03,649 - INFO - Checking icons for Default-theme theme. Icons color: #ffffff
2024-05-27 17:48:03,762 - INFO - Checking icons for Default-theme theme. Icons color: #ffffff
2024-05-27 17:48:03,876 - INFO - Checking icons for qt designer app.
2024-05-27 17:48:03,990 - INFO - all icons have been checked and missing icons generated!
2024-05-28 09:59:24,442 - INFO - Checking icons for Default-theme theme. Icons color: #ffffff
2024-05-28 09:59:24,554 - INFO - Checking icons for Default-theme theme. Icons color: #ffffff
2024-05-28 09:59:24,666 - INFO - Checking icons for qt designer app.
2024-05-28 09:59:24,793 - INFO - all icons have been checked and missing icons generated!
2024-05-28 10:39:02,131 - INFO - Checking icons for Default-theme theme. Icons color: #ffffff
2024-05-28 10:39:02,266 - INFO - Checking icons for Default-theme theme. Icons color: #ffffff
2024-05-28 10:39:02,419 - INFO - Checking icons for qt designer app.
2024-05-28 10:39:02,574 - INFO - all icons have been checked and missing icons generated!
2024-05-28 10:44:24,294 - INFO - Checking icons for Default-theme theme. Icons color: #ffffff
2024-05-28 10:44:24,403 - INFO - Checking icons for Default-theme theme. Icons color: #ffffff
2024-05-28 10:44:24,524 - INFO - Checking icons for qt designer app.
2024-05-28 10:44:24,671 - INFO - all icons have been checked and missing icons generated!
2024-05-28 10:48:04,954 - INFO - Checking icons for Default-theme theme. Icons color: #ffffff
2024-05-28 10:48:05,088 - INFO - Checking icons for Default-theme theme. Icons color: #ffffff
2024-05-28 10:48:05,203 - INFO - Checking icons for qt designer app.
2024-05-28 10:48:05,339 - INFO - all icons have been checked and missing icons generated!
2024-05-28 11:45:52,851 - INFO - Checking icons for Default-theme theme. Icons color: #ffffff
2024-05-28 11:45:52,960 - INFO - Checking icons for Default-theme theme. Icons color: #ffffff
2024-05-28 11:45:53,078 - INFO - Checking icons for qt designer app.
2024-05-28 11:45:53,200 - INFO - all icons have been checked and missing icons generated!
2024-05-28 11:59:47,736 - INFO - Checking icons for Default-theme theme. Icons color: #ffffff
2024-05-28 12:02:34,348 - INFO - Checking icons for Default-theme theme. Icons color: #ffffff
2024-05-28 12:02:34,455 - INFO - Checking icons for Default-theme theme. Icons color: #ffffff
2024-05-28 12:02:34,536 - INFO - Checking icons for qt designer app.
2024-05-28 12:04:43,665 - INFO - Checking icons for Default-theme theme. Icons color: #ffffff
2024-05-28 12:05:26,253 - INFO - Checking icons for Default-theme theme. Icons color: #ffffff
2024-05-28 12:05:26,366 - INFO - Checking icons for Default-theme theme. Icons color: #ffffff
2024-05-28 12:05:26,482 - INFO - Checking icons for qt designer app.
2024-05-28 12:05:26,594 - INFO - all icons have been checked and missing icons generated!
2024-05-28 12:21:06,765 - INFO - Checking icons for Default-theme theme. Icons color: #ffffff
2024-05-28 12:21:06,877 - INFO - Checking icons for Default-theme theme. Icons color: #ffffff
2024-05-28 12:21:06,986 - INFO - Checking icons for qt designer app.
2024-05-28 12:21:07,095 - INFO - all icons have been checked and missing icons generated!
2024-05-28 12:33:22,760 - INFO - Checking icons for Default-theme theme. Icons color: #ffffff
2024-05-28 12:33:22,870 - INFO - Checking icons for Default-theme theme. Icons color: #ffffff
2024-05-28 12:33:22,988 - INFO - Checking icons for qt designer app.
2024-05-28 12:33:23,101 - INFO - all icons have been checked and missing icons generated!
2024-05-28 12:54:27,743 - INFO - Checking icons for Default-theme theme. Icons color: #ffffff
2024-05-28 12:54:27,854 - INFO - Checking icons for Default-theme theme. Icons color: #ffffff
2024-05-28 12:54:27,962 - INFO - Checking icons for qt designer app.
2024-05-28 12:54:28,081 - INFO - all icons have been checked and missing icons generated!
2024-05-28 12:55:54,911 - INFO - Checking icons for Default-theme theme. Icons color: #ffffff
2024-05-28 12:55:55,024 - INFO - Checking icons for Default-theme theme. Icons color: #ffffff
2024-05-28 12:55:55,146 - INFO - Checking icons for qt designer app.
2024-05-28 12:55:55,254 - INFO - all icons have been checked and missing icons generated!
2024-05-28 12:56:24,867 - INFO - Checking icons for Default-theme theme. Icons color: #ffffff
2024-05-28 12:56:24,978 - INFO - Checking icons for Default-theme theme. Icons color: #ffffff
2024-05-28 12:56:25,083 - INFO - Checking icons for qt designer app.
2024-05-28 12:56:25,185 - INFO - all icons have been checked and missing icons generated!
2024-05-28 12:56:57,272 - INFO - Checking icons for Default-theme theme. Icons color: #ffffff
2024-05-28 12:56:57,379 - INFO - Checking icons for Default-theme theme. Icons color: #ffffff
2024-05-28 12:56:57,492 - INFO - Checking icons for qt designer app.
2024-05-28 12:56:57,601 - INFO - all icons have been checked and missing icons generated!
2024-05-28 13:04:27,192 - INFO - Checking icons for Default-theme theme. Icons color: #ffffff
2024-05-28 13:04:27,357 - INFO - Checking icons for Default-theme theme. Icons color: #ffffff
2024-05-28 13:04:27,481 - INFO - Checking icons for qt designer app.
2024-05-28 13:04:27,581 - INFO - all icons have been checked and missing icons generated!
2024-05-28 13:12:13,986 - INFO - Checking icons for Default-theme theme. Icons color: #ffffff
2024-05-28 13:12:14,098 - INFO - Checking icons for Default-theme theme. Icons color: #ffffff
2024-05-28 13:12:14,211 - INFO - Checking icons for qt designer app.
2024-05-28 13:12:14,321 - INFO - all icons have been checked and missing icons generated!
2024-05-28 13:16:49,294 - INFO - Checking icons for Default-theme theme. Icons color: #ffffff
2024-05-28 13:16:49,415 - INFO - Checking icons for Default-theme theme. Icons color: #ffffff
2024-05-28 13:16:49,572 - INFO - Checking icons for qt designer app.
2024-05-28 13:16:49,695 - INFO - all icons have been checked and missing icons generated!
2024-05-28 13:27:59,870 - INFO - Checking icons for Default-theme theme. Icons color: #ffffff
2024-05-28 13:27:59,976 - INFO - Checking icons for Default-theme theme. Icons color: #ffffff
2024-05-28 13:28:00,105 - INFO - Checking icons for qt designer app.
2024-05-28 13:28:00,221 - INFO - all icons have been checked and missing icons generated!
2024-05-28 16:01:50,095 - INFO - Checking icons for Default-theme theme. Icons color: #ffffff
2024-05-28 16:01:50,208 - INFO - Checking icons for Default-theme theme. Icons color: #ffffff
2024-05-28 16:01:50,340 - INFO - Checking icons for qt designer app.
2024-05-28 16:01:50,491 - INFO - all icons have been checked and missing icons generated!
2024-05-28 16:55:11,351 - INFO - Checking icons for Default-theme theme. Icons color: #ffffff
2024-05-28 16:55:11,482 - INFO - Checking icons for Default-theme theme. Icons color: #ffffff
2024-05-28 16:55:11,620 - INFO - Checking icons for qt designer app.
2024-05-28 16:55:11,737 - INFO - all icons have been checked and missing icons generated!
2024-05-28 16:59:01,753 - INFO - Checking icons for Default-theme theme. Icons color: #ffffff
2024-05-28 16:59:01,868 - INFO - Checking icons for Default-theme theme. Icons color: #ffffff
2024-05-28 16:59:01,982 - INFO - Checking icons for qt designer app.
2024-05-28 16:59:02,092 - INFO - all icons have been checked and missing icons generated!
2024-05-28 16:59:52,565 - INFO - Checking icons for Default-theme theme. Icons color: #ffffff
2024-05-28 16:59:52,678 - INFO - Checking icons for Default-theme theme. Icons color: #ffffff
2024-05-28 16:59:52,800 - INFO - Checking icons for qt designer app.
2024-05-28 16:59:52,912 - INFO - all icons have been checked and missing icons generated!
2024-05-28 17:05:02,138 - INFO - Checking icons for Default-theme theme. Icons color: #ffffff
2024-05-28 17:05:02,249 - INFO - Checking icons for Default-theme theme. Icons color: #ffffff
2024-05-28 17:05:02,374 - INFO - Checking icons for qt designer app.
2024-05-28 17:05:02,497 - INFO - all icons have been checked and missing icons generated!
2024-05-28 17:08:33,283 - INFO - Checking icons for Default-theme theme. Icons color: #ffffff
2024-05-28 17:08:33,452 - INFO - Checking icons for Default-theme theme. Icons color: #ffffff
2024-05-28 17:08:33,604 - INFO - Checking icons for qt designer app.
2024-05-28 17:08:33,740 - INFO - all icons have been checked and missing icons generated!
2024-05-28 17:21:32,094 - INFO - Checking icons for Default-theme theme. Icons color: #ffffff
2024-05-28 17:21:32,211 - INFO - Checking icons for Default-theme theme. Icons color: #ffffff
2024-05-28 17:21:32,332 - INFO - Checking icons for qt designer app.
2024-05-28 17:21:32,459 - INFO - all icons have been checked and missing icons generated!
2024-05-28 17:24:10,402 - INFO - Checking icons for Default-theme theme. Icons color: #ffffff
2024-05-28 17:24:10,515 - INFO - Checking icons for Default-theme theme. Icons color: #ffffff
2024-05-28 17:24:10,635 - INFO - Checking icons for qt designer app.
2024-05-28 17:24:10,748 - INFO - all icons have been checked and missing icons generated!
2024-05-28 17:24:34,471 - INFO - Checking icons for Default-theme theme. Icons color: #ffffff
2024-05-28 17:24:34,581 - INFO - Checking icons for Default-theme theme. Icons color: #ffffff
2024-05-28 17:24:34,692 - INFO - Checking icons for qt designer app.
2024-05-28 17:24:34,809 - INFO - all icons have been checked and missing icons generated!
2024-05-29 10:07:08,544 - INFO - Checking icons for Default-theme theme. Icons color: #ffffff
2024-05-29 10:07:08,655 - INFO - Checking icons for Default-theme theme. Icons color: #ffffff
2024-05-29 10:07:08,785 - INFO - Checking icons for qt designer app.
2024-05-29 10:07:08,902 - INFO - all icons have been checked and missing icons generated!
2024-05-29 10:11:52,643 - INFO - Checking icons for Default-theme theme. Icons color: #ffffff
2024-05-29 10:11:52,753 - INFO - Checking icons for Default-theme theme. Icons color: #ffffff
2024-05-29 10:11:52,875 - INFO - Checking icons for qt designer app.
2024-05-29 10:11:52,979 - INFO - all icons have been checked and missing icons generated!
2024-05-29 10:27:12,183 - INFO - Checking icons for Default-theme theme. Icons color: #ffffff
2024-05-29 10:27:12,330 - INFO - Checking icons for Default-theme theme. Icons color: #ffffff
2024-05-29 10:27:12,453 - INFO - Checking icons for qt designer app.
2024-05-29 10:27:12,567 - INFO - all icons have been checked and missing icons generated!
2024-05-29 10:51:27,178 - INFO - Checking icons for Default-theme theme. Icons color: #ffffff
2024-05-29 10:51:27,335 - INFO - Checking icons for Default-theme theme. Icons color: #ffffff
2024-05-29 10:51:27,469 - INFO - Checking icons for qt designer app.
2024-05-29 10:51:27,594 - INFO - all icons have been checked and missing icons generated!
2024-05-29 11:31:49,950 - INFO - Checking icons for Default-theme theme. Icons color: #ffffff
2024-05-29 11:32:29,596 - INFO - Checking icons for Default-theme theme. Icons color: #ffffff
2024-05-29 11:32:29,730 - INFO - Checking icons for Default-theme theme. Icons color: #ffffff
2024-05-29 11:32:29,867 - INFO - Checking icons for qt designer app.
2024-05-29 11:32:29,983 - INFO - all icons have been checked and missing icons generated!
2024-05-29 11:32:45,367 - INFO - Checking icons for Default-theme theme. Icons color: #ffffff
2024-05-29 11:32:45,507 - INFO - Checking icons for Default-theme theme. Icons color: #ffffff
2024-05-29 11:32:45,631 - INFO - Checking icons for qt designer app.
2024-05-29 11:32:45,743 - INFO - all icons have been checked and missing icons generated!
2024-05-29 11:37:40,811 - INFO - Checking icons for Default-theme theme. Icons color: #ffffff
2024-05-29 11:37:40,958 - INFO - Checking icons for Default-theme theme. Icons color: #ffffff
2024-05-29 11:37:41,086 - INFO - Checking icons for qt designer app.
2024-05-29 11:37:41,197 - INFO - all icons have been checked and missing icons generated!
2024-05-29 11:38:11,422 - INFO - Checking icons for Default-theme theme. Icons color: #ffffff
2024-05-29 11:38:11,577 - INFO - Checking icons for Default-theme theme. Icons color: #ffffff
2024-05-29 11:38:11,693 - INFO - Checking icons for qt designer app.
2024-05-29 11:38:11,820 - INFO - all icons have been checked and missing icons generated!
2024-05-29 11:39:51,313 - INFO - Checking icons for Default-theme theme. Icons color: #ffffff
2024-05-29 11:39:51,466 - INFO - Checking icons for Default-theme theme. Icons color: #ffffff
2024-05-29 11:39:51,588 - INFO - Checking icons for qt designer app.
2024-05-29 11:39:51,706 - INFO - all icons have been checked and missing icons generated!
2024-05-29 11:40:13,904 - INFO - Checking icons for Default-theme theme. Icons color: #ffffff
2024-05-29 11:40:14,053 - INFO - Checking icons for Default-theme theme. Icons color: #ffffff
2024-05-29 11:40:14,190 - INFO - Checking icons for qt designer app.
2024-05-29 11:40:14,301 - INFO - all icons have been checked and missing icons generated!
2024-05-29 11:43:23,256 - INFO - Checking icons for Default-theme theme. Icons color: #ffffff
2024-05-29 11:43:23,426 - INFO - Checking icons for Default-theme theme. Icons color: #ffffff
2024-05-29 11:43:23,554 - INFO - Checking icons for qt designer app.
2024-05-29 11:43:23,703 - INFO - all icons have been checked and missing icons generated!
2024-05-29 11:45:49,586 - INFO - Checking icons for Default-theme theme. Icons color: #ffffff
2024-05-29 11:45:49,728 - INFO - Checking icons for Default-theme theme. Icons color: #ffffff
2024-05-29 11:45:49,843 - INFO - Checking icons for qt designer app.
2024-05-29 11:45:49,988 - INFO - all icons have been checked and missing icons generated!
2024-05-29 11:45:59,515 - INFO - Checking icons for Default-theme theme. Icons color: #ffffff
2024-05-29 11:45:59,655 - INFO - Checking icons for Default-theme theme. Icons color: #ffffff
2024-05-29 11:45:59,771 - INFO - Checking icons for qt designer app.
2024-05-29 11:45:59,881 - INFO - all icons have been checked and missing icons generated!
2024-05-29 11:46:14,146 - INFO - Checking icons for Default-theme theme. Icons color: #ffffff
2024-05-29 11:46:14,283 - INFO - Checking icons for Default-theme theme. Icons color: #ffffff
2024-05-29 11:46:14,393 - INFO - Checking icons for qt designer app.
2024-05-29 11:46:14,498 - INFO - all icons have been checked and missing icons generated!
2024-05-29 11:47:41,001 - INFO - Checking icons for Default-theme theme. Icons color: #ffffff
2024-05-29 11:47:41,140 - INFO - Checking icons for Default-theme theme. Icons color: #ffffff
2024-05-29 11:47:41,266 - INFO - Checking icons for qt designer app.
2024-05-29 11:47:41,413 - INFO - all icons have been checked and missing icons generated!
2024-05-29 11:56:54,969 - INFO - Checking icons for Default-theme theme. Icons color: #ffffff
2024-05-29 11:56:55,115 - INFO - Checking icons for Default-theme theme. Icons color: #ffffff
2024-05-29 11:56:55,235 - INFO - Checking icons for qt designer app.
2024-05-29 11:56:55,346 - INFO - all icons have been checked and missing icons generated!
2024-05-29 11:57:32,312 - INFO - Checking icons for Default-theme theme. Icons color: #ffffff
2024-05-29 11:57:32,449 - INFO - Checking icons for Default-theme theme. Icons color: #ffffff
2024-05-29 11:57:32,564 - INFO - Checking icons for qt designer app.
2024-05-29 11:57:32,674 - INFO - all icons have been checked and missing icons generated!
2024-05-29 11:58:16,503 - INFO - Checking icons for Default-theme theme. Icons color: #ffffff
2024-05-29 11:58:16,617 - INFO - Checking icons for Default-theme theme. Icons color: #ffffff
2024-05-29 11:58:16,736 - INFO - Checking icons for qt designer app.
2024-05-29 11:58:16,846 - INFO - all icons have been checked and missing icons generated!
2024-05-29 12:14:14,141 - INFO - Checking icons for Default-theme theme. Icons color: #ffffff
2024-05-29 12:14:38,929 - INFO - Checking icons for Default-theme theme. Icons color: #ffffff
2024-05-29 12:14:39,034 - INFO - Checking icons for Default-theme theme. Icons color: #ffffff
2024-05-29 12:14:39,121 - INFO - Checking icons for qt designer app.
2024-05-29 12:15:39,024 - INFO - Checking icons for Default-theme theme. Icons color: #ffffff
2024-05-29 12:15:39,161 - INFO - Checking icons for Default-theme theme. Icons color: #ffffff
2024-05-29 12:15:39,272 - INFO - Checking icons for qt designer app.
2024-05-29 12:15:39,381 - INFO - all icons have been checked and missing icons generated!
2024-05-29 12:16:34,396 - INFO - Checking icons for Default-theme theme. Icons color: #ffffff
2024-05-29 12:16:34,533 - INFO - Checking icons for Default-theme theme. Icons color: #ffffff
2024-05-29 12:16:34,649 - INFO - Checking icons for qt designer app.
2024-05-29 12:16:34,758 - INFO - all icons have been checked and missing icons generated!
2024-05-29 12:17:29,006 - INFO - Checking icons for Default-theme theme. Icons color: #ffffff
2024-05-29 12:17:52,893 - INFO - Checking icons for Default-theme theme. Icons color: #ffffff
2024-05-29 12:17:52,995 - INFO - Checking icons for Default-theme theme. Icons color: #ffffff
2024-05-29 12:17:53,079 - INFO - Checking icons for qt designer app.
2024-05-29 12:18:50,577 - INFO - Checking icons for Default-theme theme. Icons color: #ffffff
2024-05-29 12:19:54,973 - INFO - Checking icons for Default-theme theme. Icons color: #ffffff
2024-05-29 12:20:23,620 - INFO - Checking icons for Default-theme theme. Icons color: #ffffff
2024-05-29 12:20:23,728 - INFO - Checking icons for Default-theme theme. Icons color: #ffffff
2024-05-29 12:20:23,818 - INFO - Checking icons for qt designer app.
2024-05-29 13:03:00,552 - INFO - Checking icons for Default-theme theme. Icons color: #ffffff
2024-05-29 13:03:32,459 - INFO - Checking icons for Default-theme theme. Icons color: #ffffff
2024-05-29 13:03:32,564 - INFO - Checking icons for Default-theme theme. Icons color: #ffffff
2024-05-29 13:03:32,647 - INFO - Checking icons for qt designer app.
2024-05-29 13:05:00,745 - INFO - Checking icons for Default-theme theme. Icons color: #ffffff
2024-05-29 13:06:14,856 - INFO - Checking icons for Default-theme theme. Icons color: #ffffff
2024-05-29 13:06:15,006 - INFO - Checking icons for Default-theme theme. Icons color: #ffffff
2024-05-29 13:06:15,123 - INFO - Checking icons for qt designer app.
2024-05-29 13:06:15,239 - INFO - all icons have been checked and missing icons generated!
2024-05-29 13:06:35,427 - INFO - Checking icons for Default-theme theme. Icons color: #ffffff
2024-05-29 13:06:35,581 - INFO - Checking icons for Default-theme theme. Icons color: #ffffff
2024-05-29 13:06:35,694 - INFO - Checking icons for qt designer app.
2024-05-29 13:06:35,822 - INFO - all icons have been checked and missing icons generated!
2024-05-29 14:38:23,489 - INFO - Checking icons for Default-theme theme. Icons color: #ffffff
2024-05-29 14:38:23,627 - INFO - Checking icons for Default-theme theme. Icons color: #ffffff
2024-05-29 14:38:23,744 - INFO - Checking icons for qt designer app.
2024-05-29 14:38:23,856 - INFO - all icons have been checked and missing icons generated!
2024-05-29 14:49:26,938 - INFO - Checking icons for Default-theme theme. Icons color: #ffffff
2024-05-29 15:01:09,498 - INFO - Checking icons for Default-theme theme. Icons color: #ffffff
2024-05-29 15:20:14,473 - INFO - Checking icons for Default-theme theme. Icons color: #ffffff
2024-05-29 15:21:42,069 - INFO - Checking icons for Default-theme theme. Icons color: #ffffff
2024-05-29 15:22:11,429 - INFO - Checking icons for Default-theme theme. Icons color: #ffffff
2024-05-29 15:22:11,540 - INFO - Checking icons for Default-theme theme. Icons color: #ffffff
2024-05-29 15:22:11,649 - INFO - Checking icons for qt designer app.
2024-05-29 15:22:11,755 - INFO - all icons have been checked and missing icons generated!
2024-05-29 15:25:17,306 - INFO - Checking icons for Default-theme theme. Icons color: #ffffff
2024-05-29 15:25:17,418 - INFO - Checking icons for Default-theme theme. Icons color: #ffffff
2024-05-29 15:25:17,528 - INFO - Checking icons for qt designer app.
2024-05-29 15:25:17,635 - INFO - all icons have been checked and missing icons generated!
2024-05-29 15:25:30,658 - INFO - Checking icons for Default-theme theme. Icons color: #ffffff
2024-05-29 15:25:30,771 - INFO - Checking icons for Default-theme theme. Icons color: #ffffff
2024-05-29 15:25:30,881 - INFO - Checking icons for qt designer app.
2024-05-29 15:25:30,989 - INFO - all icons have been checked and missing icons generated!
2024-05-29 15:26:04,990 - INFO - Checking icons for Default-theme theme. Icons color: #ffffff
2024-05-29 15:26:05,116 - INFO - Checking icons for Default-theme theme. Icons color: #ffffff
2024-05-29 15:26:05,232 - INFO - Checking icons for qt designer app.
2024-05-29 15:26:05,341 - INFO - all icons have been checked and missing icons generated!
2024-05-29 15:26:10,847 - INFO - Checking icons for Default-theme theme. Icons color: #ffffff
2024-05-29 15:26:10,966 - INFO - Checking icons for Default-theme theme. Icons color: #ffffff
2024-05-29 15:26:11,074 - INFO - Checking icons for qt designer app.
2024-05-29 15:26:11,178 - INFO - all icons have been checked and missing icons generated!
2024-05-29 15:27:15,182 - INFO - Checking icons for Default-theme theme. Icons color: #ffffff
2024-05-29 15:27:15,333 - INFO - Checking icons for Default-theme theme. Icons color: #ffffff
2024-05-29 15:27:15,465 - INFO - Checking icons for qt designer app.
2024-05-29 15:27:15,607 - INFO - all icons have been checked and missing icons generated!
2024-05-29 15:31:50,318 - INFO - Checking icons for Default-theme theme. Icons color: #ffffff
2024-05-29 15:31:50,461 - INFO - Checking icons for Default-theme theme. Icons color: #ffffff
2024-05-29 15:31:50,602 - INFO - Checking icons for qt designer app.
2024-05-29 15:31:50,715 - INFO - all icons have been checked and missing icons generated!
2024-05-29 15:35:44,159 - INFO - Checking icons for Default-theme theme. Icons color: #ffffff
2024-05-29 15:35:44,286 - INFO - Checking icons for Default-theme theme. Icons color: #ffffff
2024-05-29 15:35:44,406 - INFO - Checking icons for qt designer app.
2024-05-29 15:35:44,523 - INFO - all icons have been checked and missing icons generated!
2024-05-29 15:37:02,847 - INFO - Checking icons for Default-theme theme. Icons color: #ffffff
2024-05-29 15:37:02,987 - INFO - Checking icons for Default-theme theme. Icons color: #ffffff
2024-05-29 15:37:03,107 - INFO - Checking icons for qt designer app.
2024-05-29 15:37:03,221 - INFO - all icons have been checked and missing icons generated!
2024-05-29 15:43:40,356 - INFO - Checking icons for Default-theme theme. Icons color: #ffffff
2024-05-29 15:43:40,490 - INFO - Checking icons for Default-theme theme. Icons color: #ffffff
2024-05-29 15:43:40,611 - INFO - Checking icons for qt designer app.
2024-05-29 15:43:40,726 - INFO - all icons have been checked and missing icons generated!
2024-05-29 15:45:02,168 - INFO - Checking icons for Default-theme theme. Icons color: #ffffff
2024-05-29 15:45:02,319 - INFO - Checking icons for Default-theme theme. Icons color: #ffffff
2024-05-29 15:45:02,454 - INFO - Checking icons for qt designer app.
2024-05-29 15:45:02,578 - INFO - all icons have been checked and missing icons generated!
2024-05-29 15:45:28,686 - INFO - Checking icons for Default-theme theme. Icons color: #ffffff
2024-05-29 15:45:28,797 - INFO - Checking icons for Default-theme theme. Icons color: #ffffff
2024-05-29 15:45:28,893 - INFO - Checking icons for qt designer app.
2024-05-29 15:46:02,307 - INFO - Checking icons for Default-theme theme. Icons color: #ffffff
2024-05-29 15:46:29,159 - INFO - Checking icons for Default-theme theme. Icons color: #ffffff
2024-05-29 15:46:29,326 - INFO - Checking icons for Default-theme theme. Icons color: #ffffff
2024-05-29 15:46:29,444 - INFO - Checking icons for qt designer app.
2024-05-29 15:46:29,563 - INFO - all icons have been checked and missing icons generated!
2024-05-29 15:46:55,871 - INFO - Checking icons for Default-theme theme. Icons color: #ffffff
2024-05-29 15:46:56,011 - INFO - Checking icons for Default-theme theme. Icons color: #ffffff
2024-05-29 15:46:56,145 - INFO - Checking icons for qt designer app.
2024-05-29 15:46:56,257 - INFO - all icons have been checked and missing icons generated!
2024-05-29 15:49:39,386 - INFO - Checking icons for Default-theme theme. Icons color: #ffffff
2024-05-29 15:49:39,539 - INFO - Checking icons for Default-theme theme. Icons color: #ffffff
2024-05-29 15:49:39,657 - INFO - Checking icons for qt designer app.
2024-05-29 15:49:39,769 - INFO - all icons have been checked and missing icons generated!
2024-05-29 16:38:55,727 - INFO - Checking icons for Default-theme theme. Icons color: #ffffff
2024-05-29 16:38:55,858 - INFO - Checking icons for Default-theme theme. Icons color: #ffffff
2024-05-29 16:38:55,990 - INFO - Checking icons for qt designer app.
2024-05-29 16:38:56,133 - INFO - all icons have been checked and missing icons generated!
2024-05-29 16:44:31,798 - INFO - Checking icons for Default-theme theme. Icons color: #ffffff
2024-05-29 16:44:31,926 - INFO - Checking icons for Default-theme theme. Icons color: #ffffff
2024-05-29 16:44:32,039 - INFO - Checking icons for qt designer app.
2024-05-29 16:44:32,149 - INFO - all icons have been checked and missing icons generated!
2024-05-29 17:10:48,180 - INFO - Checking icons for Default-theme theme. Icons color: #ffffff
2024-05-29 17:10:48,332 - INFO - Checking icons for Default-theme theme. Icons color: #ffffff
2024-05-29 17:10:48,453 - INFO - Checking icons for qt designer app.
2024-05-29 17:10:48,565 - INFO - all icons have been checked and missing icons generated!
2024-05-30 13:55:25,535 - INFO - Checking icons for Default-theme theme. Icons color: #ffffff
2024-05-30 13:55:25,666 - INFO - Checking icons for Default-theme theme. Icons color: #ffffff
2024-05-30 13:55:25,793 - INFO - Checking icons for qt designer app.
2024-05-30 13:55:25,913 - INFO - all icons have been checked and missing icons generated!
2024-05-30 14:00:05,358 - INFO - Checking icons for Default-theme theme. Icons color: #ffffff
2024-05-30 14:00:05,499 - INFO - Checking icons for Default-theme theme. Icons color: #ffffff
2024-05-30 14:00:05,629 - INFO - Checking icons for qt designer app.
2024-05-30 14:00:05,738 - INFO - all icons have been checked and missing icons generated!
2024-05-30 14:01:27,930 - INFO - Checking icons for Default-theme theme. Icons color: #ffffff
2024-05-30 14:01:28,058 - INFO - Checking icons for Default-theme theme. Icons color: #ffffff
2024-05-30 14:01:28,176 - INFO - Checking icons for qt designer app.
2024-05-30 14:01:28,284 - INFO - all icons have been checked and missing icons generated!
2024-05-30 14:03:23,020 - INFO - Checking icons for Default-theme theme. Icons color: #ffffff
2024-05-30 14:03:23,149 - INFO - Checking icons for Default-theme theme. Icons color: #ffffff
2024-05-30 14:03:23,261 - INFO - Checking icons for qt designer app.
2024-05-30 14:03:23,370 - INFO - all icons have been checked and missing icons generated!
2024-05-30 14:09:32,717 - INFO - Checking icons for Default-theme theme. Icons color: #ffffff
2024-05-30 14:09:32,842 - INFO - Checking icons for Default-theme theme. Icons color: #ffffff
2024-05-30 14:09:32,964 - INFO - Checking icons for qt designer app.
2024-05-30 14:09:33,104 - INFO - all icons have been checked and missing icons generated!
2024-05-30 14:17:05,268 - INFO - Checking icons for Default-theme theme. Icons color: #ffffff
2024-05-30 14:17:05,368 - INFO - Checking icons for Default-theme theme. Icons color: #ffffff
2024-05-30 14:17:05,470 - INFO - Checking icons for qt designer app.
2024-05-30 14:17:36,871 - INFO - Checking icons for Default-theme theme. Icons color: #ffffff
2024-05-30 14:17:36,975 - INFO - Checking icons for Default-theme theme. Icons color: #ffffff
2024-05-30 14:17:37,064 - INFO - Checking icons for qt designer app.
2024-05-30 14:18:54,385 - INFO - Checking icons for Default-theme theme. Icons color: #ffffff
2024-05-30 14:18:54,487 - INFO - Checking icons for Default-theme theme. Icons color: #ffffff
2024-05-30 14:18:54,573 - INFO - Checking icons for qt designer app.
2024-05-30 14:22:26,249 - INFO - Checking icons for Default-theme theme. Icons color: #ffffff
2024-05-30 14:25:25,069 - INFO - Checking icons for Default-theme theme. Icons color: #ffffff
2024-05-30 14:25:38,993 - INFO - Checking icons for Default-theme theme. Icons color: #ffffff
2024-05-30 14:28:36,055 - INFO - Checking icons for Default-theme theme. Icons color: #ffffff
2024-05-30 14:28:36,179 - INFO - Checking icons for Default-theme theme. Icons color: #ffffff
2024-05-30 14:28:36,286 - INFO - Checking icons for qt designer app.
2024-05-30 14:28:36,389 - INFO - all icons have been checked and missing icons generated!
2024-05-30 14:41:32,175 - INFO - Checking icons for Default-theme theme. Icons color: #ffffff
2024-05-30 14:41:32,302 - INFO - Checking icons for Default-theme theme. Icons color: #ffffff
2024-05-30 14:41:32,422 - INFO - Checking icons for qt designer app.
2024-05-30 14:41:32,557 - INFO - all icons have been checked and missing icons generated!
2024-05-30 14:43:32,960 - INFO - Checking icons for Default-theme theme. Icons color: #ffffff
2024-05-30 14:43:33,094 - INFO - Checking icons for Default-theme theme. Icons color: #ffffff
2024-05-30 14:43:33,217 - INFO - Checking icons for qt designer app.
2024-05-30 14:43:33,354 - INFO - all icons have been checked and missing icons generated!
2024-05-30 15:02:57,960 - INFO - Checking icons for Default-theme theme. Icons color: #ffffff
2024-05-30 15:02:58,108 - INFO - Checking icons for Default-theme theme. Icons color: #ffffff
2024-05-30 15:02:58,220 - INFO - Checking icons for qt designer app.
2024-05-30 15:02:58,324 - INFO - all icons have been checked and missing icons generated!
2024-05-30 15:04:00,193 - INFO - Checking icons for Default-theme theme. Icons color: #ffffff
2024-05-30 15:04:00,330 - INFO - Checking icons for Default-theme theme. Icons color: #ffffff
2024-05-30 15:04:00,444 - INFO - Checking icons for qt designer app.
2024-05-30 15:04:00,554 - INFO - all icons have been checked and missing icons generated!
2024-05-30 15:21:08,264 - INFO - Checking icons for Default-theme theme. Icons color: #ffffff
2024-05-30 15:21:08,389 - INFO - Checking icons for Default-theme theme. Icons color: #ffffff
2024-05-30 15:21:08,499 - INFO - Checking icons for qt designer app.
2024-05-30 15:21:08,602 - INFO - all icons have been checked and missing icons generated!
2024-05-30 15:33:05,865 - INFO - Checking icons for Default-theme theme. Icons color: #ffffff
2024-05-30 15:33:05,992 - INFO - Checking icons for Default-theme theme. Icons color: #ffffff
2024-05-30 15:33:06,102 - INFO - Checking icons for qt designer app.
2024-05-30 15:33:06,204 - INFO - all icons have been checked and missing icons generated!
2024-05-30 15:34:05,323 - INFO - Checking icons for Default-theme theme. Icons color: #ffffff
2024-05-30 15:34:05,448 - INFO - Checking icons for Default-theme theme. Icons color: #ffffff
2024-05-30 15:34:05,560 - INFO - Checking icons for qt designer app.
2024-05-30 15:34:05,712 - INFO - all icons have been checked and missing icons generated!
2024-05-30 15:39:53,747 - INFO - Checking icons for Default-theme theme. Icons color: #ffffff
2024-05-30 15:39:53,873 - INFO - Checking icons for Default-theme theme. Icons color: #ffffff
2024-05-30 15:39:53,991 - INFO - Checking icons for qt designer app.
2024-05-30 15:39:54,098 - INFO - all icons have been checked and missing icons generated!
2024-05-30 15:40:16,164 - INFO - Checking icons for Default-theme theme. Icons color: #ffffff
2024-05-30 15:40:16,293 - INFO - Checking icons for Default-theme theme. Icons color: #ffffff
2024-05-30 15:40:16,406 - INFO - Checking icons for qt designer app.
2024-05-30 15:40:16,515 - INFO - all icons have been checked and missing icons generated!
2024-05-30 15:42:21,677 - INFO - Checking icons for Default-theme theme. Icons color: #ffffff
2024-05-30 15:42:21,805 - INFO - Checking icons for Default-theme theme. Icons color: #ffffff
2024-05-30 15:42:21,927 - INFO - Checking icons for qt designer app.
2024-05-30 15:42:22,036 - INFO - all icons have been checked and missing icons generated!
2024-05-30 15:42:37,178 - INFO - Checking icons for Default-theme theme. Icons color: #ffffff
2024-05-30 15:42:37,310 - INFO - Checking icons for Default-theme theme. Icons color: #ffffff
2024-05-30 15:42:37,445 - INFO - Checking icons for qt designer app.
2024-05-30 15:42:37,572 - INFO - all icons have been checked and missing icons generated!
2024-05-30 15:43:29,696 - INFO - Checking icons for Default-theme theme. Icons color: #ffffff
2024-05-30 15:43:29,821 - INFO - Checking icons for Default-theme theme. Icons color: #ffffff
2024-05-30 15:43:29,936 - INFO - Checking icons for qt designer app.
2024-05-30 15:43:30,057 - INFO - all icons have been checked and missing icons generated!
2024-05-30 15:44:33,759 - INFO - Checking icons for Default-theme theme. Icons color: #ffffff
2024-05-30 15:44:33,885 - INFO - Checking icons for Default-theme theme. Icons color: #ffffff
2024-05-30 15:44:34,001 - INFO - Checking icons for qt designer app.
2024-05-30 15:44:34,105 - INFO - all icons have been checked and missing icons generated!
2024-05-30 15:45:01,932 - INFO - Checking icons for Default-theme theme. Icons color: #ffffff
2024-05-30 15:45:02,059 - INFO - Checking icons for Default-theme theme. Icons color: #ffffff
2024-05-30 15:45:02,173 - INFO - Checking icons for qt designer app.
2024-05-30 15:45:02,273 - INFO - all icons have been checked and missing icons generated!
2024-05-30 16:20:51,259 - INFO - Checking icons for Default-theme theme. Icons color: #ffffff
2024-05-30 16:20:51,425 - INFO - Checking icons for Default-theme theme. Icons color: #ffffff
2024-05-30 16:20:51,570 - INFO - Checking icons for qt designer app.
2024-05-30 16:20:51,710 - INFO - all icons have been checked and missing icons generated!
2024-05-30 16:21:29,760 - INFO - Checking icons for Default-theme theme. Icons color: #ffffff
2024-05-30 16:21:29,889 - INFO - Checking icons for Default-theme theme. Icons color: #ffffff
2024-05-30 16:21:30,002 - INFO - Checking icons for qt designer app.
2024-05-30 16:21:30,112 - INFO - all icons have been checked and missing icons generated!
2024-05-30 16:22:58,628 - INFO - Checking icons for Default-theme theme. Icons color: #ffffff
2024-05-30 16:22:58,748 - INFO - Checking icons for Default-theme theme. Icons color: #ffffff
2024-05-30 16:22:58,863 - INFO - Checking icons for qt designer app.
2024-05-30 16:22:58,967 - INFO - all icons have been checked and missing icons generated!
2024-05-30 16:24:47,313 - INFO - Checking icons for Default-theme theme. Icons color: #ffffff
2024-05-30 16:24:47,446 - INFO - Checking icons for Default-theme theme. Icons color: #ffffff
2024-05-30 16:24:47,593 - INFO - Checking icons for qt designer app.
2024-05-30 16:24:47,696 - INFO - all icons have been checked and missing icons generated!
2024-05-30 16:25:38,377 - INFO - Checking icons for Default-theme theme. Icons color: #ffffff
2024-05-30 16:25:38,503 - INFO - Checking icons for Default-theme theme. Icons color: #ffffff
2024-05-30 16:25:38,617 - INFO - Checking icons for qt designer app.
2024-05-30 16:25:38,722 - INFO - all icons have been checked and missing icons generated!
2024-05-30 16:37:22,608 - INFO - Checking icons for Default-theme theme. Icons color: #ffffff
2024-05-30 16:37:22,751 - INFO - Checking icons for Default-theme theme. Icons color: #ffffff
2024-05-30 16:37:22,865 - INFO - Checking icons for qt designer app.
2024-05-30 16:37:22,973 - INFO - all icons have been checked and missing icons generated!
2024-05-30 16:39:09,841 - INFO - Checking icons for Default-theme theme. Icons color: #ffffff
2024-05-30 16:39:09,968 - INFO - Checking icons for Default-theme theme. Icons color: #ffffff
2024-05-30 16:39:10,076 - INFO - Checking icons for qt designer app.
2024-05-30 16:39:10,179 - INFO - all icons have been checked and missing icons generated!
2024-05-30 16:43:42,254 - INFO - Checking icons for Default-theme theme. Icons color: #ffffff
2024-05-30 16:43:42,380 - INFO - Checking icons for Default-theme theme. Icons color: #ffffff
2024-05-30 16:43:42,489 - INFO - Checking icons for qt designer app.
2024-05-30 16:43:42,589 - INFO - all icons have been checked and missing icons generated!
2024-05-30 16:43:52,747 - INFO - Checking icons for Default-theme theme. Icons color: #ffffff
2024-05-30 16:43:52,949 - INFO - Checking icons for Default-theme theme. Icons color: #ffffff
2024-05-30 16:43:53,069 - INFO - Checking icons for qt designer app.
2024-05-30 16:43:53,188 - INFO - all icons have been checked and missing icons generated!
2024-05-30 16:47:02,541 - INFO - Checking icons for Default-theme theme. Icons color: #ffffff
2024-05-30 16:47:02,657 - INFO - Checking icons for Default-theme theme. Icons color: #ffffff
2024-05-30 16:47:02,773 - INFO - Checking icons for qt designer app.
2024-05-30 16:47:02,923 - INFO - all icons have been checked and missing icons generated!
2024-05-30 16:47:22,728 - INFO - Checking icons for Default-theme theme. Icons color: #ffffff
2024-05-30 16:47:22,864 - INFO - Checking icons for Default-theme theme. Icons color: #ffffff
2024-05-30 16:47:22,977 - INFO - Checking icons for qt designer app.
2024-05-30 16:47:23,087 - INFO - all icons have been checked and missing icons generated!
2024-05-30 16:48:55,361 - INFO - Checking icons for Default-theme theme. Icons color: #ffffff
2024-05-30 16:48:55,488 - INFO - Checking icons for Default-theme theme. Icons color: #ffffff
2024-05-30 16:48:55,611 - INFO - Checking icons for qt designer app.
2024-05-30 16:48:55,720 - INFO - all icons have been checked and missing icons generated!
2024-05-30 16:49:14,699 - INFO - Checking icons for Default-theme theme. Icons color: #ffffff
2024-05-30 16:49:14,832 - INFO - Checking icons for Default-theme theme. Icons color: #ffffff
2024-05-30 16:49:14,961 - INFO - Checking icons for qt designer app.
2024-05-30 16:49:15,070 - INFO - all icons have been checked and missing icons generated!
2024-05-30 16:49:25,942 - INFO - Checking icons for Default-theme theme. Icons color: #ffffff
2024-05-30 16:49:26,066 - INFO - Checking icons for Default-theme theme. Icons color: #ffffff
2024-05-30 16:49:26,183 - INFO - Checking icons for qt designer app.
2024-05-30 16:49:26,303 - INFO - all icons have been checked and missing icons generated!
2024-05-30 16:53:05,653 - INFO - Checking icons for Default-theme theme. Icons color: #ffffff
2024-05-30 16:53:05,780 - INFO - Checking icons for Default-theme theme. Icons color: #ffffff
2024-05-30 16:53:05,895 - INFO - Checking icons for qt designer app.
2024-05-30 16:53:06,002 - INFO - all icons have been checked and missing icons generated!
2024-05-30 16:53:41,679 - INFO - Checking icons for Default-theme theme. Icons color: #ffffff
2024-05-30 16:53:41,818 - INFO - Checking icons for Default-theme theme. Icons color: #ffffff
2024-05-30 16:53:41,953 - INFO - Checking icons for qt designer app.
2024-05-30 16:53:42,108 - INFO - all icons have been checked and missing icons generated!
2024-05-30 16:56:43,583 - INFO - Checking icons for Default-theme theme. Icons color: #ffffff
2024-05-30 16:57:01,649 - INFO - Checking icons for Default-theme theme. Icons color: #ffffff
2024-05-30 17:28:41,464 - INFO - Checking icons for Default-theme theme. Icons color: #ffffff
2024-05-30 17:28:41,599 - INFO - Checking icons for Default-theme theme. Icons color: #ffffff
2024-05-30 17:28:41,710 - INFO - Checking icons for qt designer app.
2024-05-30 17:28:41,817 - INFO - all icons have been checked and missing icons generated!
2024-05-30 17:29:49,875 - INFO - Checking icons for Default-theme theme. Icons color: #ffffff
2024-05-30 17:29:50,031 - INFO - Checking icons for Default-theme theme. Icons color: #ffffff
2024-05-30 17:29:50,150 - INFO - Checking icons for qt designer app.
2024-05-30 17:29:50,258 - INFO - all icons have been checked and missing icons generated!
2024-05-30 17:33:17,966 - INFO - Checking icons for Default-theme theme. Icons color: #ffffff
2024-05-30 17:33:18,092 - INFO - Checking icons for Default-theme theme. Icons color: #ffffff
2024-05-30 17:33:18,206 - INFO - Checking icons for qt designer app.
2024-05-30 17:33:18,311 - INFO - all icons have been checked and missing icons generated!
2024-05-30 17:33:48,640 - INFO - Checking icons for Default-theme theme. Icons color: #ffffff
2024-05-30 17:33:48,783 - INFO - Checking icons for Default-theme theme. Icons color: #ffffff
2024-05-30 17:33:48,911 - INFO - Checking icons for qt designer app.
2024-05-30 17:33:49,040 - INFO - all icons have been checked and missing icons generated!
2024-05-30 17:34:40,232 - INFO - Checking icons for Default-theme theme. Icons color: #ffffff
2024-05-30 17:34:40,359 - INFO - Checking icons for Default-theme theme. Icons color: #ffffff
2024-05-30 17:34:40,490 - INFO - Checking icons for qt designer app.
2024-05-30 17:34:40,631 - INFO - all icons have been checked and missing icons generated!
2024-05-30 17:34:53,633 - INFO - Checking icons for Default-theme theme. Icons color: #ffffff
2024-05-30 17:34:53,758 - INFO - Checking icons for Default-theme theme. Icons color: #ffffff
2024-05-30 17:34:53,874 - INFO - Checking icons for qt designer app.
2024-05-30 17:34:54,014 - INFO - all icons have been checked and missing icons generated!
2024-05-30 17:40:13,149 - INFO - Checking icons for Default-theme theme. Icons color: #ffffff
2024-05-30 17:41:27,752 - INFO - Checking icons for Default-theme theme. Icons color: #ffffff
2024-05-30 17:42:15,352 - INFO - Checking icons for Default-theme theme. Icons color: #ffffff
2024-05-30 17:44:27,014 - INFO - Checking icons for Default-theme theme. Icons color: #ffffff
2024-05-30 17:44:27,160 - INFO - Checking icons for Default-theme theme. Icons color: #ffffff
2024-05-30 17:44:27,273 - INFO - Checking icons for qt designer app.
2024-05-30 17:44:27,379 - INFO - all icons have been checked and missing icons generated!
2024-05-31 14:48:04,293 - INFO - Checking icons for Default-theme theme. Icons color: #ffffff
2024-05-31 14:48:04,410 - INFO - Checking icons for Default-theme theme. Icons color: #ffffff
2024-05-31 14:48:04,497 - INFO - Checking icons for qt designer app.
2024-05-31 14:48:12,899 - INFO - Checking icons for Default-theme theme. Icons color: #ffffff
2024-05-31 14:48:13,002 - INFO - Checking icons for Default-theme theme. Icons color: #ffffff
2024-05-31 14:48:13,088 - INFO - Checking icons for qt designer app.
2024-05-31 14:49:00,708 - INFO - Checking icons for Default-theme theme. Icons color: #ffffff
2024-05-31 14:49:00,875 - INFO - Checking icons for Default-theme theme. Icons color: #ffffff
2024-05-31 14:49:00,993 - INFO - Checking icons for qt designer app.
2024-05-31 14:49:01,100 - INFO - all icons have been checked and missing icons generated!
2024-05-31 14:49:26,643 - INFO - Checking icons for Default-theme theme. Icons color: #ffffff
2024-05-31 14:49:26,750 - INFO - Checking icons for Default-theme theme. Icons color: #ffffff
2024-05-31 14:49:26,874 - INFO - Checking icons for qt designer app.
2024-05-31 14:49:27,009 - INFO - all icons have been checked and missing icons generated!
2024-05-31 14:51:15,521 - INFO - Checking icons for Default-theme theme. Icons color: #ffffff
2024-05-31 14:51:15,627 - INFO - Checking icons for Default-theme theme. Icons color: #ffffff
2024-05-31 14:51:15,745 - INFO - Checking icons for qt designer app.
2024-05-31 14:51:15,889 - INFO - all icons have been checked and missing icons generated!
2024-05-31 14:52:09,600 - INFO - Checking icons for Default-theme theme. Icons color: #ffffff
2024-05-31 14:52:09,746 - INFO - Checking icons for Default-theme theme. Icons color: #ffffff
2024-05-31 14:52:09,870 - INFO - Checking icons for qt designer app.
2024-05-31 14:52:09,972 - INFO - all icons have been checked and missing icons generated!
2024-05-31 15:34:05,533 - INFO - Checking icons for Default-theme theme. Icons color: #ffffff
2024-05-31 15:34:05,644 - INFO - Checking icons for Default-theme theme. Icons color: #ffffff
2024-05-31 15:34:05,762 - INFO - Checking icons for qt designer app.
2024-05-31 15:34:05,898 - INFO - all icons have been checked and missing icons generated!
2024-05-31 15:34:45,553 - INFO - Checking icons for Default-theme theme. Icons color: #ffffff
2024-05-31 15:34:45,661 - INFO - Checking icons for Default-theme theme. Icons color: #ffffff
2024-05-31 15:34:45,773 - INFO - Checking icons for qt designer app.
2024-05-31 15:34:45,877 - INFO - all icons have been checked and missing icons generated!
2024-05-31 15:35:19,613 - INFO - Checking icons for Default-theme theme. Icons color: #ffffff
2024-05-31 15:35:19,739 - INFO - Checking icons for Default-theme theme. Icons color: #ffffff
2024-05-31 15:35:19,866 - INFO - Checking icons for qt designer app.
2024-05-31 15:35:19,976 - INFO - all icons have been checked and missing icons generated!
2024-05-31 15:39:02,190 - INFO - Checking icons for Default-theme theme. Icons color: #ffffff
2024-05-31 15:39:02,312 - INFO - Checking icons for Default-theme theme. Icons color: #ffffff
2024-05-31 15:39:02,436 - INFO - Checking icons for qt designer app.
2024-05-31 15:39:02,558 - INFO - all icons have been checked and missing icons generated!
2024-05-31 15:46:33,804 - INFO - Checking icons for Default-theme theme. Icons color: #ffffff
2024-05-31 15:46:33,922 - INFO - Checking icons for Default-theme theme. Icons color: #ffffff
2024-05-31 15:46:34,043 - INFO - Checking icons for qt designer app.
2024-05-31 15:46:34,156 - INFO - all icons have been checked and missing icons generated!
2024-05-31 15:47:02,292 - INFO - Checking icons for Default-theme theme. Icons color: #ffffff
2024-05-31 15:47:02,413 - INFO - Checking icons for Default-theme theme. Icons color: #ffffff
2024-05-31 15:47:02,530 - INFO - Checking icons for qt designer app.
2024-05-31 15:47:02,645 - INFO - all icons have been checked and missing icons generated!
2024-05-31 15:57:29,881 - INFO - Checking icons for Default-theme theme. Icons color: #ffffff
2024-05-31 15:57:30,021 - INFO - Checking icons for Default-theme theme. Icons color: #ffffff
2024-05-31 15:57:30,150 - INFO - Checking icons for qt designer app.
2024-05-31 15:57:30,273 - INFO - all icons have been checked and missing icons generated!
2024-05-31 16:10:05,493 - INFO - Checking icons for Default-theme theme. Icons color: #ffffff
2024-05-31 16:10:05,613 - INFO - Checking icons for Default-theme theme. Icons color: #ffffff
2024-05-31 16:10:05,724 - INFO - Checking icons for qt designer app.
2024-05-31 16:10:05,830 - INFO - all icons have been checked and missing icons generated!
2024-05-31 16:12:15,401 - INFO - Checking icons for Default-theme theme. Icons color: #ffffff
2024-05-31 16:12:15,524 - INFO - Checking icons for Default-theme theme. Icons color: #ffffff
2024-05-31 16:12:15,638 - INFO - Checking icons for qt designer app.
2024-05-31 16:12:15,747 - INFO - all icons have been checked and missing icons generated!
2024-05-31 16:12:32,096 - INFO - Checking icons for Default-theme theme. Icons color: #ffffff
2024-05-31 16:12:32,223 - INFO - Checking icons for Default-theme theme. Icons color: #ffffff
2024-05-31 16:12:32,338 - INFO - Checking icons for qt designer app.
2024-05-31 16:12:32,444 - INFO - all icons have been checked and missing icons generated!
2024-05-31 16:12:42,335 - INFO - Checking icons for Default-theme theme. Icons color: #ffffff
2024-05-31 16:12:42,492 - INFO - Checking icons for Default-theme theme. Icons color: #ffffff
2024-05-31 16:12:42,610 - INFO - Checking icons for qt designer app.
2024-05-31 16:12:42,717 - INFO - all icons have been checked and missing icons generated!
2024-05-31 16:32:39,511 - INFO - Checking icons for Default-theme theme. Icons color: #ffffff
2024-05-31 16:32:39,632 - INFO - Checking icons for Default-theme theme. Icons color: #ffffff
2024-05-31 16:32:39,773 - INFO - Checking icons for qt designer app.
2024-05-31 16:32:39,882 - INFO - all icons have been checked and missing icons generated!
2024-05-31 16:38:47,889 - INFO - Checking icons for Default-theme theme. Icons color: #ffffff
2024-05-31 16:38:48,012 - INFO - Checking icons for Default-theme theme. Icons color: #ffffff
2024-05-31 16:38:48,121 - INFO - Checking icons for qt designer app.
2024-05-31 16:38:48,229 - INFO - all icons have been checked and missing icons generated!
2024-05-31 16:40:43,820 - INFO - Checking icons for Default-theme theme. Icons color: #ffffff
2024-05-31 16:40:43,958 - INFO - Checking icons for Default-theme theme. Icons color: #ffffff
2024-05-31 16:40:44,071 - INFO - Checking icons for qt designer app.
2024-05-31 16:40:44,211 - INFO - all icons have been checked and missing icons generated!
2024-06-01 14:18:34,883 - INFO - Checking icons for Default-theme theme. Icons color: #ffffff
2024-06-01 14:18:35,035 - INFO - Checking icons for Default-theme theme. Icons color: #ffffff
2024-06-01 14:18:35,153 - INFO - Checking icons for qt designer app.
2024-06-01 14:18:35,292 - INFO - all icons have been checked and missing icons generated!
2024-06-01 15:06:53,509 - INFO - Checking icons for Default-theme theme. Icons color: #ffffff
2024-06-01 15:06:53,685 - INFO - Checking icons for Default-theme theme. Icons color: #ffffff
2024-06-01 15:06:53,812 - INFO - Checking icons for qt designer app.
2024-06-01 15:06:53,919 - INFO - all icons have been checked and missing icons generated!
2024-06-01 16:43:56,659 - INFO - Checking icons for Default-theme theme. Icons color: #ffffff
2024-06-01 16:45:22,035 - INFO - Checking icons for Default-theme theme. Icons color: #ffffff
2024-06-01 16:49:14,105 - INFO - Checking icons for Default-theme theme. Icons color: #ffffff
2024-06-01 16:49:29,385 - INFO - Checking icons for Default-theme theme. Icons color: #ffffff
2024-06-01 16:49:29,566 - INFO - Checking icons for Default-theme theme. Icons color: #ffffff
2024-06-01 16:49:29,676 - INFO - Checking icons for qt designer app.
2024-06-01 16:49:29,782 - INFO - all icons have been checked and missing icons generated!
2024-06-01 17:00:14,130 - INFO - Checking icons for Default-theme theme. Icons color: #ffffff
2024-06-01 17:00:54,855 - INFO - Checking icons for Default-theme theme. Icons color: #ffffff
2024-06-01 17:01:26,527 - INFO - Checking icons for Default-theme theme. Icons color: #ffffff
2024-06-01 17:01:26,666 - INFO - Checking icons for Default-theme theme. Icons color: #ffffff
2024-06-01 17:01:26,831 - INFO - Checking icons for qt designer app.
2024-06-01 17:01:26,992 - INFO - all icons have been checked and missing icons generated!
2024-06-01 17:03:13,784 - INFO - Checking icons for Default-theme theme. Icons color: #ffffff
2024-06-01 17:03:13,895 - INFO - Checking icons for Default-theme theme. Icons color: #ffffff
2024-06-01 17:03:14,026 - INFO - Checking icons for qt designer app.
2024-06-01 17:03:14,192 - INFO - all icons have been checked and missing icons generated!
2024-06-01 17:07:47,980 - INFO - Checking icons for Default-theme theme. Icons color: #ffffff
2024-06-01 17:07:48,089 - INFO - Checking icons for Default-theme theme. Icons color: #ffffff
2024-06-01 17:07:48,206 - INFO - Checking icons for qt designer app.
2024-06-01 17:07:48,312 - INFO - all icons have been checked and missing icons generated!
2024-06-01 17:08:04,001 - INFO - Checking icons for Default-theme theme. Icons color: #ffffff
2024-06-01 17:08:04,114 - INFO - Checking icons for Default-theme theme. Icons color: #ffffff
2024-06-01 17:08:04,237 - INFO - Checking icons for qt designer app.
2024-06-01 17:08:04,371 - INFO - all icons have been checked and missing icons generated!
2024-06-01 17:10:08,815 - INFO - Checking icons for Default-theme theme. Icons color: #ffffff
2024-06-01 17:12:13,030 - INFO - Checking icons for Default-theme theme. Icons color: #ffffff
2024-06-01 17:12:13,145 - INFO - Checking icons for Default-theme theme. Icons color: #ffffff
2024-06-01 17:12:13,271 - INFO - Checking icons for qt designer app.
2024-06-01 17:12:13,406 - INFO - all icons have been checked and missing icons generated!
2024-06-02 13:01:29,132 - INFO - Checking icons for Default-theme theme. Icons color: #ffffff
2024-06-02 13:01:29,718 - INFO - Checking icons for Default-theme theme. Icons color: #ffffff
2024-06-02 13:01:29,861 - INFO - Checking icons for qt designer app.
2024-06-02 13:01:29,978 - INFO - all icons have been checked and missing icons generated!
2024-06-02 13:02:46,806 - INFO - Checking icons for Default-theme theme. Icons color: #ffffff
2024-06-02 13:02:46,961 - INFO - Checking icons for Default-theme theme. Icons color: #ffffff
2024-06-02 13:02:47,080 - INFO - Checking icons for qt designer app.
2024-06-02 13:02:47,182 - INFO - all icons have been checked and missing icons generated!
2024-06-02 13:12:43,370 - INFO - Checking icons for Default-theme theme. Icons color: #ffffff
2024-06-02 13:12:43,478 - INFO - Checking icons for Default-theme theme. Icons color: #ffffff
2024-06-02 13:12:43,616 - INFO - Checking icons for qt designer app.
2024-06-02 13:12:43,723 - INFO - all icons have been checked and missing icons generated!
2024-06-02 13:15:11,095 - INFO - Checking icons for Default-theme theme. Icons color: #ffffff
2024-06-02 13:15:11,207 - INFO - Checking icons for Default-theme theme. Icons color: #ffffff
2024-06-02 13:15:11,331 - INFO - Checking icons for qt designer app.
2024-06-02 13:15:11,441 - INFO - all icons have been checked and missing icons generated!
2024-06-02 13:18:23,471 - INFO - Checking icons for Default-theme theme. Icons color: #ffffff
2024-06-02 13:18:23,578 - INFO - Checking icons for Default-theme theme. Icons color: #ffffff
2024-06-02 13:18:23,691 - INFO - Checking icons for qt designer app.
2024-06-02 13:18:23,798 - INFO - all icons have been checked and missing icons generated!
2024-06-02 13:20:32,663 - INFO - Checking icons for Default-theme theme. Icons color: #ffffff
2024-06-02 13:21:02,052 - INFO - Checking icons for Default-theme theme. Icons color: #ffffff
2024-06-02 13:21:02,154 - INFO - Checking icons for Default-theme theme. Icons color: #ffffff
2024-06-02 13:21:02,262 - INFO - Checking icons for qt designer app.
2024-06-02 13:21:02,367 - INFO - all icons have been checked and missing icons generated!
2024-06-02 13:21:41,078 - INFO - Checking icons for Default-theme theme. Icons color: #ffffff
2024-06-02 13:21:41,185 - INFO - Checking icons for Default-theme theme. Icons color: #ffffff
2024-06-02 13:21:41,292 - INFO - Checking icons for qt designer app.
2024-06-02 13:21:41,400 - INFO - all icons have been checked and missing icons generated!
2024-06-02 13:24:03,996 - INFO - Checking icons for Default-theme theme. Icons color: #ffffff
2024-06-02 13:24:04,105 - INFO - Checking icons for Default-theme theme. Icons color: #ffffff
2024-06-02 13:24:04,219 - INFO - Checking icons for qt designer app.
2024-06-02 13:24:04,329 - INFO - all icons have been checked and missing icons generated!
2024-06-02 13:24:40,904 - INFO - Checking icons for Default-theme theme. Icons color: #ffffff
2024-06-02 13:24:41,010 - INFO - Checking icons for Default-theme theme. Icons color: #ffffff
2024-06-02 13:24:41,127 - INFO - Checking icons for qt designer app.
2024-06-02 13:24:41,234 - INFO - all icons have been checked and missing icons generated!
2024-06-02 13:25:33,947 - INFO - Checking icons for Default-theme theme. Icons color: #ffffff
2024-06-02 13:25:34,054 - INFO - Checking icons for Default-theme theme. Icons color: #ffffff
2024-06-02 13:25:34,165 - INFO - Checking icons for qt designer app.
2024-06-02 13:25:34,274 - INFO - all icons have been checked and missing icons generated!
2024-06-02 13:26:50,634 - INFO - Checking icons for Default-theme theme. Icons color: #ffffff
2024-06-02 14:43:41,964 - INFO - Checking icons for Default-theme theme. Icons color: #ffffff
2024-06-02 14:43:42,062 - INFO - Checking icons for Default-theme theme. Icons color: #ffffff
2024-06-02 14:43:42,156 - INFO - Checking icons for qt designer app.
2024-06-02 14:44:42,050 - INFO - Checking icons for Default-theme theme. Icons color: #ffffff
2024-06-02 14:44:42,153 - INFO - Checking icons for Default-theme theme. Icons color: #ffffff
2024-06-02 14:44:42,266 - INFO - Checking icons for qt designer app.
2024-06-02 14:44:42,373 - INFO - all icons have been checked and missing icons generated!
2024-06-02 14:45:22,843 - INFO - Checking icons for Default-theme theme. Icons color: #ffffff
2024-06-02 14:45:22,955 - INFO - Checking icons for Default-theme theme. Icons color: #ffffff
2024-06-02 14:45:23,070 - INFO - Checking icons for qt designer app.
2024-06-02 14:45:23,181 - INFO - all icons have been checked and missing icons generated!
2024-06-02 14:46:14,228 - INFO - Checking icons for Default-theme theme. Icons color: #ffffff
2024-06-02 14:46:14,336 - INFO - Checking icons for Default-theme theme. Icons color: #ffffff
2024-06-02 14:46:14,448 - INFO - Checking icons for qt designer app.
2024-06-02 14:46:14,562 - INFO - all icons have been checked and missing icons generated!
2024-06-02 14:49:26,895 - INFO - Checking icons for Default-theme theme. Icons color: #ffffff
2024-06-02 14:49:27,027 - INFO - Checking icons for Default-theme theme. Icons color: #ffffff
2024-06-02 14:49:27,162 - INFO - Checking icons for qt designer app.
2024-06-02 14:49:27,295 - INFO - all icons have been checked and missing icons generated!
2024-06-02 14:50:11,956 - INFO - Checking icons for Default-theme theme. Icons color: #ffffff
2024-06-02 14:50:12,062 - INFO - Checking icons for Default-theme theme. Icons color: #ffffff
2024-06-02 14:50:12,170 - INFO - Checking icons for qt designer app.
2024-06-02 14:50:12,272 - INFO - all icons have been checked and missing icons generated!
2024-06-02 14:51:44,966 - INFO - Checking icons for Default-theme theme. Icons color: #ffffff
2024-06-02 14:51:45,073 - INFO - Checking icons for Default-theme theme. Icons color: #ffffff
2024-06-02 14:51:45,188 - INFO - Checking icons for qt designer app.
2024-06-02 14:51:45,296 - INFO - all icons have been checked and missing icons generated!
2024-06-02 14:53:03,973 - INFO - Checking icons for Default-theme theme. Icons color: #ffffff
2024-06-02 14:53:04,085 - INFO - Checking icons for Default-theme theme. Icons color: #ffffff
2024-06-02 14:53:04,195 - INFO - Checking icons for qt designer app.
2024-06-02 14:53:04,302 - INFO - all icons have been checked and missing icons generated!
2024-06-02 14:53:32,791 - INFO - Checking icons for Default-theme theme. Icons color: #ffffff
2024-06-02 14:53:32,911 - INFO - Checking icons for Default-theme theme. Icons color: #ffffff
2024-06-02 14:53:33,040 - INFO - Checking icons for qt designer app.
2024-06-02 14:53:33,158 - INFO - all icons have been checked and missing icons generated!
2024-06-02 14:54:05,776 - INFO - Checking icons for Default-theme theme. Icons color: #ffffff
2024-06-02 14:54:05,887 - INFO - Checking icons for Default-theme theme. Icons color: #ffffff
2024-06-02 14:54:06,005 - INFO - Checking icons for qt designer app.
2024-06-02 14:54:06,111 - INFO - all icons have been checked and missing icons generated!
2024-06-03 16:09:37,798 - INFO - Checking icons for Default-theme theme. Icons color: #ffffff
2024-06-03 16:09:37,938 - INFO - Checking icons for Default-theme theme. Icons color: #ffffff
2024-06-03 16:09:38,067 - INFO - Checking icons for qt designer app.
2024-06-03 16:09:38,179 - INFO - all icons have been checked and missing icons generated!
2024-06-03 16:10:01,183 - INFO - Checking icons for Default-theme theme. Icons color: #ffffff
2024-06-03 16:10:01,315 - INFO - Checking icons for Default-theme theme. Icons color: #ffffff
2024-06-03 16:10:01,455 - INFO - Checking icons for qt designer app.
2024-06-03 16:10:01,565 - INFO - all icons have been checked and missing icons generated!
2024-06-03 16:10:13,332 - INFO - Checking icons for Default-theme theme. Icons color: #ffffff
2024-06-03 16:10:13,465 - INFO - Checking icons for Default-theme theme. Icons color: #ffffff
2024-06-03 16:10:13,583 - INFO - Checking icons for qt designer app.
2024-06-03 16:10:13,694 - INFO - all icons have been checked and missing icons generated!
2024-06-03 16:17:47,869 - INFO - Checking icons for Default-theme theme. Icons color: #ffffff
2024-06-03 16:17:48,027 - INFO - Checking icons for Default-theme theme. Icons color: #ffffff
2024-06-03 16:17:48,169 - INFO - Checking icons for qt designer app.
2024-06-03 16:17:48,301 - INFO - all icons have been checked and missing icons generated!
2024-06-03 16:34:09,020 - INFO - Checking icons for Default-theme theme. Icons color: #ffffff
2024-06-03 16:34:09,129 - INFO - Checking icons for Default-theme theme. Icons color: #ffffff
2024-06-03 16:34:09,266 - INFO - Checking icons for qt designer app.
2024-06-03 16:34:09,441 - INFO - all icons have been checked and missing icons generated!
2024-06-03 16:43:20,144 - INFO - Checking icons for Default-theme theme. Icons color: #ffffff
2024-06-03 16:43:20,279 - INFO - Checking icons for Default-theme theme. Icons color: #ffffff
2024-06-03 16:43:20,424 - INFO - Checking icons for qt designer app.
2024-06-03 16:43:20,565 - INFO - all icons have been checked and missing icons generated!
2024-06-03 16:45:45,931 - INFO - Checking icons for Default-theme theme. Icons color: #ffffff
2024-06-03 16:45:46,038 - INFO - Checking icons for Default-theme theme. Icons color: #ffffff
2024-06-03 16:45:46,153 - INFO - Checking icons for qt designer app.
2024-06-03 16:45:46,259 - INFO - all icons have been checked and missing icons generated!
2024-06-03 16:47:14,233 - INFO - Checking icons for Default-theme theme. Icons color: #ffffff
2024-06-03 16:47:14,354 - INFO - Checking icons for Default-theme theme. Icons color: #ffffff
2024-06-03 16:47:14,479 - INFO - Checking icons for qt designer app.
2024-06-03 16:47:14,586 - INFO - all icons have been checked and missing icons generated!
2024-06-03 16:48:05,243 - INFO - Checking icons for Default-theme theme. Icons color: #ffffff
2024-06-03 16:48:05,349 - INFO - Checking icons for Default-theme theme. Icons color: #ffffff
2024-06-03 16:48:05,464 - INFO - Checking icons for qt designer app.
2024-06-03 16:48:05,569 - INFO - all icons have been checked and missing icons generated!
2024-06-03 16:48:46,326 - INFO - Checking icons for Default-theme theme. Icons color: #ffffff
2024-06-03 16:48:46,443 - INFO - Checking icons for Default-theme theme. Icons color: #ffffff
2024-06-03 16:48:46,558 - INFO - Checking icons for qt designer app.
2024-06-03 16:48:46,663 - INFO - all icons have been checked and missing icons generated!
2024-06-03 16:48:58,600 - INFO - Checking icons for Default-theme theme. Icons color: #ffffff
2024-06-03 16:48:58,708 - INFO - Checking icons for Default-theme theme. Icons color: #ffffff
2024-06-03 16:48:58,823 - INFO - Checking icons for qt designer app.
2024-06-03 16:48:58,928 - INFO - all icons have been checked and missing icons generated!
2024-06-03 16:51:53,897 - INFO - Checking icons for Default-theme theme. Icons color: #ffffff
2024-06-03 16:51:54,012 - INFO - Checking icons for Default-theme theme. Icons color: #ffffff
2024-06-03 16:51:54,132 - INFO - Checking icons for qt designer app.
2024-06-03 16:51:54,248 - INFO - all icons have been checked and missing icons generated!
2024-06-03 16:53:01,272 - INFO - Checking icons for Default-theme theme. Icons color: #ffffff
2024-06-03 16:53:01,383 - INFO - Checking icons for Default-theme theme. Icons color: #ffffff
2024-06-03 16:53:01,514 - INFO - Checking icons for qt designer app.
2024-06-03 16:53:01,662 - INFO - all icons have been checked and missing icons generated!
2024-06-03 17:01:43,631 - INFO - Checking icons for Default-theme theme. Icons color: #ffffff
2024-06-03 17:01:43,739 - INFO - Checking icons for Default-theme theme. Icons color: #ffffff
2024-06-03 17:01:43,863 - INFO - Checking icons for qt designer app.
2024-06-03 17:01:43,997 - INFO - all icons have been checked and missing icons generated!
2024-06-03 17:13:59,567 - INFO - Checking icons for Default-theme theme. Icons color: #ffffff
2024-06-03 17:13:59,690 - INFO - Checking icons for Default-theme theme. Icons color: #ffffff
2024-06-03 17:13:59,833 - INFO - Checking icons for qt designer app.
2024-06-03 17:13:59,944 - INFO - all icons have been checked and missing icons generated!
2024-06-03 17:14:40,678 - INFO - Checking icons for Default-theme theme. Icons color: #ffffff
2024-06-03 17:14:40,803 - INFO - Checking icons for Default-theme theme. Icons color: #ffffff
2024-06-03 17:14:40,925 - INFO - Checking icons for qt designer app.
2024-06-03 17:14:41,037 - INFO - all icons have been checked and missing icons generated!
2024-06-03 17:16:32,769 - INFO - Checking icons for Default-theme theme. Icons color: #ffffff
2024-06-03 17:16:32,902 - INFO - Checking icons for Default-theme theme. Icons color: #ffffff
2024-06-03 17:16:33,032 - INFO - Checking icons for qt designer app.
2024-06-03 17:16:33,173 - INFO - all icons have been checked and missing icons generated!
2024-06-03 17:22:20,624 - INFO - Checking icons for Default-theme theme. Icons color: #ffffff
2024-06-03 17:22:20,747 - INFO - Checking icons for Default-theme theme. Icons color: #ffffff
2024-06-03 17:22:20,862 - INFO - Checking icons for qt designer app.
2024-06-03 17:22:20,968 - INFO - all icons have been checked and missing icons generated!
2024-06-04 11:41:41,101 - INFO - Checking icons for Default-theme theme. Icons color: #ffffff
2024-06-04 11:41:41,225 - INFO - Checking icons for Default-theme theme. Icons color: #ffffff
2024-06-04 11:41:41,334 - INFO - Checking icons for qt designer app.
2024-06-04 11:41:41,440 - INFO - all icons have been checked and missing icons generated!
2024-06-04 11:47:37,093 - INFO - Checking icons for Default-theme theme. Icons color: #ffffff
2024-06-04 11:47:37,215 - INFO - Checking icons for Default-theme theme. Icons color: #ffffff
2024-06-04 11:47:37,343 - INFO - Checking icons for qt designer app.
2024-06-04 11:47:37,454 - INFO - all icons have been checked and missing icons generated!
2024-06-04 12:05:18,688 - INFO - Checking icons for Default-theme theme. Icons color: #ffffff
2024-06-04 12:05:18,813 - INFO - Checking icons for Default-theme theme. Icons color: #ffffff
2024-06-04 12:05:18,928 - INFO - Checking icons for qt designer app.
2024-06-04 12:05:19,038 - INFO - all icons have been checked and missing icons generated!
2024-06-04 12:11:50,046 - INFO - Checking icons for Default-theme theme. Icons color: #ffffff
2024-06-04 12:11:50,175 - INFO - Checking icons for Default-theme theme. Icons color: #ffffff
2024-06-04 12:11:50,279 - INFO - Checking icons for qt designer app.
2024-06-04 12:11:50,423 - INFO - all icons have been checked and missing icons generated!
2024-06-04 12:16:45,675 - INFO - Checking icons for Default-theme theme. Icons color: #ffffff
2024-06-04 12:16:45,817 - INFO - Checking icons for Default-theme theme. Icons color: #ffffff
2024-06-04 12:16:45,952 - INFO - Checking icons for qt designer app.
2024-06-04 12:16:46,060 - INFO - all icons have been checked and missing icons generated!
2024-06-04 12:17:54,354 - INFO - Checking icons for Default-theme theme. Icons color: #ffffff
2024-06-04 12:17:54,505 - INFO - Checking icons for Default-theme theme. Icons color: #ffffff
2024-06-04 12:17:54,626 - INFO - Checking icons for qt designer app.
2024-06-04 12:17:54,735 - INFO - all icons have been checked and missing icons generated!
2024-06-04 12:19:37,185 - INFO - Checking icons for Default-theme theme. Icons color: #ffffff
2024-06-04 12:19:37,340 - INFO - Checking icons for Default-theme theme. Icons color: #ffffff
2024-06-04 12:19:37,460 - INFO - Checking icons for qt designer app.
2024-06-04 12:19:37,616 - INFO - all icons have been checked and missing icons generated!
2024-06-04 12:21:11,967 - INFO - Checking icons for Default-theme theme. Icons color: #ffffff
2024-06-04 12:21:12,139 - INFO - Checking icons for Default-theme theme. Icons color: #ffffff
2024-06-04 12:21:12,251 - INFO - Checking icons for qt designer app.
2024-06-04 12:21:12,360 - INFO - all icons have been checked and missing icons generated!
2024-06-04 12:38:42,603 - INFO - Checking icons for Default-theme theme. Icons color: #ffffff
2024-06-04 12:38:42,735 - INFO - Checking icons for Default-theme theme. Icons color: #ffffff
2024-06-04 12:38:42,871 - INFO - Checking icons for qt designer app.
2024-06-04 12:38:42,976 - INFO - all icons have been checked and missing icons generated!
2024-06-04 12:39:43,674 - INFO - Checking icons for Default-theme theme. Icons color: #ffffff
2024-06-04 12:39:43,784 - INFO - Checking icons for Default-theme theme. Icons color: #ffffff
2024-06-04 12:39:43,902 - INFO - Checking icons for qt designer app.
2024-06-04 12:39:44,026 - INFO - all icons have been checked and missing icons generated!
2024-06-04 12:42:03,521 - INFO - Checking icons for Default-theme theme. Icons color: #ffffff
2024-06-04 12:42:03,632 - INFO - Checking icons for Default-theme theme. Icons color: #ffffff
2024-06-04 12:42:03,822 - INFO - Checking icons for qt designer app.
2024-06-04 12:42:03,944 - INFO - all icons have been checked and missing icons generated!
2024-06-04 12:43:09,435 - INFO - Checking icons for Default-theme theme. Icons color: #ffffff
2024-06-04 12:43:09,555 - INFO - Checking icons for Default-theme theme. Icons color: #ffffff
2024-06-04 12:43:09,664 - INFO - Checking icons for qt designer app.
2024-06-04 12:43:09,770 - INFO - all icons have been checked and missing icons generated!
2024-06-04 12:43:42,058 - INFO - Checking icons for Default-theme theme. Icons color: #ffffff
2024-06-04 12:43:42,166 - INFO - Checking icons for Default-theme theme. Icons color: #ffffff
2024-06-04 12:43:42,301 - INFO - Checking icons for qt designer app.
2024-06-04 12:43:42,409 - INFO - all icons have been checked and missing icons generated!
2024-06-04 12:44:17,522 - INFO - Checking icons for Default-theme theme. Icons color: #ffffff
2024-06-04 12:44:17,644 - INFO - Checking icons for Default-theme theme. Icons color: #ffffff
2024-06-04 12:44:17,802 - INFO - Checking icons for qt designer app.
2024-06-04 12:44:17,913 - INFO - all icons have been checked and missing icons generated!
2024-06-04 14:18:33,916 - INFO - Checking icons for Default-theme theme. Icons color: #ffffff
2024-06-04 14:18:34,038 - INFO - Checking icons for Default-theme theme. Icons color: #ffffff
2024-06-04 14:18:34,150 - INFO - Checking icons for qt designer app.
2024-06-04 14:18:34,258 - INFO - all icons have been checked and missing icons generated!
2024-06-04 14:23:57,505 - INFO - Checking icons for Default-theme theme. Icons color: #ffffff
2024-06-04 14:23:57,624 - INFO - Checking icons for Default-theme theme. Icons color: #ffffff
2024-06-04 14:23:57,741 - INFO - Checking icons for qt designer app.
2024-06-04 14:23:57,845 - INFO - all icons have been checked and missing icons generated!
2024-06-04 14:24:29,476 - INFO - Checking icons for Default-theme theme. Icons color: #ffffff
2024-06-04 14:24:29,596 - INFO - Checking icons for Default-theme theme. Icons color: #ffffff
2024-06-04 14:24:29,707 - INFO - Checking icons for qt designer app.
2024-06-04 14:24:29,811 - INFO - all icons have been checked and missing icons generated!
2024-06-04 14:25:13,791 - INFO - Checking icons for Default-theme theme. Icons color: #ffffff
2024-06-04 14:31:37,488 - INFO - Checking icons for Default-theme theme. Icons color: #ffffff
2024-06-04 14:31:37,612 - INFO - Checking icons for Default-theme theme. Icons color: #ffffff
2024-06-04 14:31:37,727 - INFO - Checking icons for qt designer app.
2024-06-04 14:31:37,838 - INFO - all icons have been checked and missing icons generated!
